<?xml version="1.0" encoding="UTF-8"?>
<testsuite xmlns:xsi="http://www.w3.org/2001/XMLSchema-instance" xsi:noNamespaceSchemaLocation="https://maven.apache.org/surefire/maven-surefire-plugin/xsd/surefire-test-report-3.0.xsd" version="3.0" name="com.mediscreen.history.notes.NotesTests" time="0.263" tests="5" errors="0" skipped="0" failures="0">
  <properties>
[...]
</properties>
  <testcase name="testAddNote" classname="com.mediscreen.history.notes.NotesTests" time="0.18">
    <system-out><![CDATA[2023-06-19T22:14:58.634+02:00  INFO 7560 --- [           main] t.c.s.AnnotationConfigContextLoaderUtils : Could not detect default configuration classes for test class [com.mediscreen.history.notes.NotesTests]: NotesTests does not declare any static, non-private, non-final, nested classes annotated with @Configuration.
2023-06-19T22:14:58.637+02:00  INFO 7560 --- [           main] .b.t.c.SpringBootTestContextBootstrapper : Found @SpringBootConfiguration com.mediscreen.history.notes.Application for test class com.mediscreen.history.notes.NotesTests
]]></system-out>
  </testcase>
  <testcase name="testGetAllNotes" classname="com.mediscreen.history.notes.NotesTests" time="0.011"/>
  <testcase name="testModifyNote" classname="com.mediscreen.history.notes.NotesTests" time="0.021"/>
  <testcase name="testDeleteNote" classname="com.mediscreen.history.notes.NotesTests" time="0.016"/>
  <testcase name="testGetNotesByPatientId" classname="com.mediscreen.history.notes.NotesTests" time="0.02"/>
</testsuite>